2012/05/14 09:17:46 [error] [exception.CDbException] exception 'CDbException' with message 'CDbConnection failed to open the DB connection: SQLSTATE[42000] [1049] Unknown database 'microblog'' in /var/www/lib/yii/framework/db/CDbConnection.php:382
Stack trace:
#0 /var/www/lib/yii/framework/db/CDbConnection.php(331): CDbConnection->open()
#1 /var/www/lib/yii/framework/db/CDbConnection.php(309): CDbConnection->setActive(true)
#2 /var/www/lib/yii/framework/base/CModule.php(388): CDbConnection->init()
#3 /var/www/lib/yii/framework/base/CApplication.php(431): CModule->getComponent('db')
#4 /var/www/lib/yii/framework/db/ar/CActiveRecord.php(615): CApplication->getDb()
#5 /var/www/lib/yii/framework/db/ar/CActiveRecord.php(2263): CActiveRecord->getDbConnection()
#6 /var/www/lib/yii/framework/db/ar/CActiveRecord.php(379): CActiveRecordMetaData->__construct(Object(User))
#7 /var/www/site/protected/models/User.php(7): CActiveRecord::model('User')
#8 /var/www/site/protected/components/WebUser.php(38): User::model()
#9 /var/www/site/protected/components/WebUser.php(51): WebUser->getModel()
#10 /var/www/lib/yii/framework/web/auth/CWebUser.php(195): WebUser->getIsGuest()
#11 /var/www/site/protected/components/WebUser.php(19): CWebUser->init()
#12 /var/www/lib/yii/framework/base/CModule.php(388): WebUser->init()
#13 /var/www/lib/yii/framework/web/CWebApplication.php(203): CModule->getComponent('user')
#14 /var/www/lib/yii/framework/web/auth/CAccessControlFilter.php(110): CWebApplication->getUser()
#15 /var/www/lib/yii/framework/web/filters/CFilter.php(39): CAccessControlFilter->preFilter(Object(CFilterChain))
#16 /var/www/lib/yii/framework/web/CController.php(1146): CFilter->filter(Object(CFilterChain))
#17 /var/www/lib/yii/framework/web/filters/CInlineFilter.php(59): CController->filterAccessControl(Object(CFilterChain))
#18 /var/www/lib/yii/framework/web/filters/CFilterChain.php(131): CInlineFilter->filter(Object(CFilterChain))
#19 /var/www/lib/yii/framework/web/CController.php(292): CFilterChain->run()
#20 /var/www/lib/yii/framework/web/CController.php(266): CController->runActionWithFilters(Object(CInlineAction), Array)
#21 /var/www/lib/yii/framework/web/CWebApplication.php(276): CController->run('')
#22 /var/www/lib/yii/framework/web/CWebApplication.php(135): CWebApplication->runController('')
#23 /var/www/lib/yii/framework/base/CApplication.php(162): CWebApplication->processRequest()
#24 /var/www/site/index.php(7): CApplication->run()
#25 {main}
REQUEST_URI=/site/
---
2012/05/14 09:44:58 [error] [exception.CHttpException.404] exception 'CHttpException' with message 'Unable to resolve the request "home".' in /var/www/lib/yii/framework/web/CWebApplication.php:280
Stack trace:
#0 /var/www/lib/yii/framework/web/CWebApplication.php(135): CWebApplication->runController('home')
#1 /var/www/lib/yii/framework/base/CApplication.php(162): CWebApplication->processRequest()
#2 /var/www/site/index.php(7): CApplication->run()
#3 {main}
REQUEST_URI=/site/index.php/home
HTTP_REFERER=http://localhost/site/index.php/user/auth/register
---
2012/05/14 10:01:32 [error] [exception.CException] exception 'CException' with message 'CHttpRequest and its behaviors do not have a method or closure named "getIsAjaxRequst".' in /var/www/lib/yii/framework/base/CComponent.php:266
Stack trace:
#0 /var/www/site/protected/controllers/user/SettingsController.php(24): CComponent->__call('getIsAjaxRequst', Array)
#1 /var/www/site/protected/controllers/user/SettingsController.php(24): CHttpRequest->getIsAjaxRequst()
#2 /var/www/lib/yii/framework/web/actions/CInlineAction.php(50): SettingsController->actionChangePassword()
#3 /var/www/lib/yii/framework/web/CController.php(309): CInlineAction->runWithParams(Array)
#4 /var/www/lib/yii/framework/web/filters/CFilterChain.php(134): CController->runAction(Object(CInlineAction))
#5 /var/www/lib/yii/framework/web/filters/CFilter.php(41): CFilterChain->run()
#6 /var/www/lib/yii/framework/web/CController.php(1146): CFilter->filter(Object(CFilterChain))
#7 /var/www/lib/yii/framework/web/filters/CInlineFilter.php(59): CController->filterAccessControl(Object(CFilterChain))
#8 /var/www/lib/yii/framework/web/filters/CFilterChain.php(131): CInlineFilter->filter(Object(CFilterChain))
#9 /var/www/lib/yii/framework/web/CController.php(292): CFilterChain->run()
#10 /var/www/lib/yii/framework/web/CController.php(266): CController->runActionWithFilters(Object(CInlineAction), Array)
#11 /var/www/lib/yii/framework/web/CWebApplication.php(276): CController->run('changePassword')
#12 /var/www/lib/yii/framework/web/CWebApplication.php(135): CWebApplication->runController('user/settings/c...')
#13 /var/www/lib/yii/framework/base/CApplication.php(162): CWebApplication->processRequest()
#14 /var/www/site/index.php(7): CApplication->run()
#15 {main}
REQUEST_URI=/site/index.php/user/settings/changePassword?_=1337007692799
HTTP_REFERER=http://localhost/site/index.php/user/settings
---
2012/05/14 10:02:12 [error] [exception.CException] exception 'CException' with message 'CHttpRequest and its behaviors do not have a method or closure named "getIsAjaxRequst".' in /var/www/lib/yii/framework/base/CComponent.php:266
Stack trace:
#0 /var/www/site/protected/controllers/user/SettingsController.php(24): CComponent->__call('getIsAjaxRequst', Array)
#1 /var/www/site/protected/controllers/user/SettingsController.php(24): CHttpRequest->getIsAjaxRequst()
#2 /var/www/lib/yii/framework/web/actions/CInlineAction.php(50): SettingsController->actionChangePassword()
#3 /var/www/lib/yii/framework/web/CController.php(309): CInlineAction->runWithParams(Array)
#4 /var/www/lib/yii/framework/web/filters/CFilterChain.php(134): CController->runAction(Object(CInlineAction))
#5 /var/www/lib/yii/framework/web/filters/CFilter.php(41): CFilterChain->run()
#6 /var/www/lib/yii/framework/web/CController.php(1146): CFilter->filter(Object(CFilterChain))
#7 /var/www/lib/yii/framework/web/filters/CInlineFilter.php(59): CController->filterAccessControl(Object(CFilterChain))
#8 /var/www/lib/yii/framework/web/filters/CFilterChain.php(131): CInlineFilter->filter(Object(CFilterChain))
#9 /var/www/lib/yii/framework/web/CController.php(292): CFilterChain->run()
#10 /var/www/lib/yii/framework/web/CController.php(266): CController->runActionWithFilters(Object(CInlineAction), Array)
#11 /var/www/lib/yii/framework/web/CWebApplication.php(276): CController->run('changePassword')
#12 /var/www/lib/yii/framework/web/CWebApplication.php(135): CWebApplication->runController('user/settings/c...')
#13 /var/www/lib/yii/framework/base/CApplication.php(162): CWebApplication->processRequest()
#14 /var/www/site/index.php(7): CApplication->run()
#15 {main}
REQUEST_URI=/site/index.php/user/settings/changePassword?_=1337007732088
HTTP_REFERER=http://localhost/site/index.php/user/settings
---
2012/05/14 10:04:21 [error] [exception.CException] exception 'CException' with message 'CHttpRequest and its behaviors do not have a method or closure named "getIsAjaxRequst".' in /var/www/lib/yii/framework/base/CComponent.php:266
Stack trace:
#0 /var/www/site/protected/controllers/user/SettingsController.php(24): CComponent->__call('getIsAjaxRequst', Array)
#1 /var/www/site/protected/controllers/user/SettingsController.php(24): CHttpRequest->getIsAjaxRequst()
#2 /var/www/lib/yii/framework/web/actions/CInlineAction.php(50): SettingsController->actionChangePassword()
#3 /var/www/lib/yii/framework/web/CController.php(309): CInlineAction->runWithParams(Array)
#4 /var/www/lib/yii/framework/web/filters/CFilterChain.php(134): CController->runAction(Object(CInlineAction))
#5 /var/www/lib/yii/framework/web/filters/CFilter.php(41): CFilterChain->run()
#6 /var/www/lib/yii/framework/web/CController.php(1146): CFilter->filter(Object(CFilterChain))
#7 /var/www/lib/yii/framework/web/filters/CInlineFilter.php(59): CController->filterAccessControl(Object(CFilterChain))
#8 /var/www/lib/yii/framework/web/filters/CFilterChain.php(131): CInlineFilter->filter(Object(CFilterChain))
#9 /var/www/lib/yii/framework/web/CController.php(292): CFilterChain->run()
#10 /var/www/lib/yii/framework/web/CController.php(266): CController->runActionWithFilters(Object(CInlineAction), Array)
#11 /var/www/lib/yii/framework/web/CWebApplication.php(276): CController->run('changePassword')
#12 /var/www/lib/yii/framework/web/CWebApplication.php(135): CWebApplication->runController('user/settings/c...')
#13 /var/www/lib/yii/framework/base/CApplication.php(162): CWebApplication->processRequest()
#14 /var/www/site/index.php(7): CApplication->run()
#15 {main}
REQUEST_URI=/site/index.php/user/settings/changePassword?_=1337007861719
HTTP_REFERER=http://localhost/site/index.php/user/settings
---
2012/05/14 10:04:33 [error] [exception.CException] exception 'CException' with message 'CHttpRequest and its behaviors do not have a method or closure named "getIsAjaxRequst".' in /var/www/lib/yii/framework/base/CComponent.php:266
Stack trace:
#0 /var/www/site/protected/controllers/user/SettingsController.php(24): CComponent->__call('getIsAjaxRequst', Array)
#1 /var/www/site/protected/controllers/user/SettingsController.php(24): CHttpRequest->getIsAjaxRequst()
#2 /var/www/lib/yii/framework/web/actions/CInlineAction.php(50): SettingsController->actionChangePassword()
#3 /var/www/lib/yii/framework/web/CController.php(309): CInlineAction->runWithParams(Array)
#4 /var/www/lib/yii/framework/web/filters/CFilterChain.php(134): CController->runAction(Object(CInlineAction))
#5 /var/www/lib/yii/framework/web/filters/CFilter.php(41): CFilterChain->run()
#6 /var/www/lib/yii/framework/web/CController.php(1146): CFilter->filter(Object(CFilterChain))
#7 /var/www/lib/yii/framework/web/filters/CInlineFilter.php(59): CController->filterAccessControl(Object(CFilterChain))
#8 /var/www/lib/yii/framework/web/filters/CFilterChain.php(131): CInlineFilter->filter(Object(CFilterChain))
#9 /var/www/lib/yii/framework/web/CController.php(292): CFilterChain->run()
#10 /var/www/lib/yii/framework/web/CController.php(266): CController->runActionWithFilters(Object(CInlineAction), Array)
#11 /var/www/lib/yii/framework/web/CWebApplication.php(276): CController->run('changePassword')
#12 /var/www/lib/yii/framework/web/CWebApplication.php(135): CWebApplication->runController('user/settings/c...')
#13 /var/www/lib/yii/framework/base/CApplication.php(162): CWebApplication->processRequest()
#14 /var/www/site/index.php(7): CApplication->run()
#15 {main}
REQUEST_URI=/site/index.php/user/settings/changePassword
---
2012/05/15 09:58:06 [error] [php] Undefined index: content (/var/www/site/protected/helpers/Layout.php:276)
Stack trace:
#0 /var/www/lib/yii/framework/web/CWebApplication.php(135): CWebApplication->runController()
#1 /var/www/lib/yii/framework/base/CApplication.php(162): CWebApplication->processRequest()
#2 /var/www/site/index.php(7): CWebApplication->run()
REQUEST_URI=/site/index.php/user/settings
in /var/www/site/protected/helpers/Layout.php (276)
in /var/www/site/protected/controllers/user/SettingsController.php (12)
in /var/www/site/index.php (7)
